<?xml version="1.0" encoding="UTF-8"?>
<!-- Generated by org.testng.reporters.JUnitXMLReporter -->
<testsuite ignored="0" hostname="macos-C02F620XMD6N" failures="0" tests="6" name="Test" time="26.883" errors="0" timestamp="2023-11-04T21:37:10 IST">
  <testcase classname="com.avirtusaa.MainTestRunner" name="name" time="3.358"/>
  <testcase classname="com.avirtusaa.MainTestRunner" name="name" time="3.803"/>
  <testcase classname="com.avirtusaa.MainTestRunner" name="name" time="3.272"/>
  <testcase classname="com.avirtusaa.MainTestRunner" name="name" time="3.317"/>
  <testcase classname="com.avirtusaa.MainTestRunner" name="name" time="4.016"/>
  <testcase classname="com.avirtusaa.MainTestRunner" name="name" time="3.111"/>
</testsuite> <!-- Test -->
