<?xml version="1.0" encoding="UTF-8"?>
<!-- Generated by org.testng.reporters.JUnitXMLReporter -->
<testsuite ignored="0" hostname="macos-C02F620XMD6N" failures="0" tests="6" name="Test" time="54.776" errors="0" timestamp="2023-11-07T01:13:35 IST">
  <testcase classname="com.avirtusaa.MainTestRunner" name="name" time="26.979"/>
  <testcase classname="com.avirtusaa.MainTestRunner" name="name" time="1.871"/>
  <testcase classname="com.avirtusaa.MainTestRunner" name="name" time="4.657"/>
  <testcase classname="com.avirtusaa.MainTestRunner" name="name" time="9.786"/>
  <testcase classname="com.avirtusaa.MainTestRunner" name="name" time="4.815"/>
  <testcase classname="com.avirtusaa.MainTestRunner" name="name" time="4.695"/>
</testsuite> <!-- Test -->
