<?xml version="1.0" encoding="UTF-8"?>
<testng-results ignored="0" total="6" passed="6" failed="0" skipped="0">
  <reporter-output>
    <line>
      <![CDATA[The test is found to have passed !!]]>
    </line>
    <line>
      <![CDATA[The test is found to have passed !!]]>
    </line>
    <line>
      <![CDATA[The test is found to have passed !!]]>
    </line>
    <line>
      <![CDATA[The test is found to have passed !!]]>
    </line>
    <line>
      <![CDATA[The test is found to have passed !!]]>
    </line>
    <line>
      <![CDATA[The test is found to have passed !!]]>
    </line>
  </reporter-output>
  <suite started-at="2023-11-04T21:36:39 IST" name="Suite" finished-at="2023-11-04T21:37:06 IST" duration-ms="26883">
    <groups>
    </groups>
    <test started-at="2023-11-04T21:36:39 IST" name="Test" finished-at="2023-11-04T21:37:06 IST" duration-ms="26883">
      <class name="com.avirtusaa.MainTestRunner">
        <test-method signature="name(java.lang.String,java.lang.String)[pri:0, instance:com.avirtusaa.MainTestRunner@222114ba]" started-at="2023-11-04T21:36:45 IST" name="name" data-provider="User Credentials" finished-at="2023-11-04T21:36:48 IST" duration-ms="3358" status="PASS">
          <params>
            <param index="0">
              <value>
                <![CDATA[standard_user]]>
              </value>
            </param>
            <param index="1">
              <value>
                <![CDATA[secret_sauce]]>
              </value>
            </param>
          </params>
          <reporter-output>
            <line>
              <![CDATA[The test is found to have passed !!]]>
            </line>
          </reporter-output>
        </test-method> <!-- name -->
        <test-method signature="name(java.lang.String,java.lang.String)[pri:0, instance:com.avirtusaa.MainTestRunner@222114ba]" started-at="2023-11-04T21:36:48 IST" name="name" data-provider="User Credentials" finished-at="2023-11-04T21:36:52 IST" duration-ms="3803" status="PASS">
          <params>
            <param index="0">
              <value>
                <![CDATA[locked_out_user]]>
              </value>
            </param>
            <param index="1">
              <value>
                <![CDATA[secret_sauce]]>
              </value>
            </param>
          </params>
          <reporter-output>
            <line>
              <![CDATA[The test is found to have passed !!]]>
            </line>
          </reporter-output>
        </test-method> <!-- name -->
        <test-method signature="name(java.lang.String,java.lang.String)[pri:0, instance:com.avirtusaa.MainTestRunner@222114ba]" started-at="2023-11-04T21:36:52 IST" name="name" data-provider="User Credentials" finished-at="2023-11-04T21:36:55 IST" duration-ms="3272" status="PASS">
          <params>
            <param index="0">
              <value>
                <![CDATA[problem_user]]>
              </value>
            </param>
            <param index="1">
              <value>
                <![CDATA[secret_sauce]]>
              </value>
            </param>
          </params>
          <reporter-output>
            <line>
              <![CDATA[The test is found to have passed !!]]>
            </line>
          </reporter-output>
        </test-method> <!-- name -->
        <test-method signature="name(java.lang.String,java.lang.String)[pri:0, instance:com.avirtusaa.MainTestRunner@222114ba]" started-at="2023-11-04T21:36:55 IST" name="name" data-provider="User Credentials" finished-at="2023-11-04T21:36:58 IST" duration-ms="3317" status="PASS">
          <params>
            <param index="0">
              <value>
                <![CDATA[performance_glitch_user]]>
              </value>
            </param>
            <param index="1">
              <value>
                <![CDATA[secret_sauce]]>
              </value>
            </param>
          </params>
          <reporter-output>
            <line>
              <![CDATA[The test is found to have passed !!]]>
            </line>
          </reporter-output>
        </test-method> <!-- name -->
        <test-method signature="name(java.lang.String,java.lang.String)[pri:0, instance:com.avirtusaa.MainTestRunner@222114ba]" started-at="2023-11-04T21:36:58 IST" name="name" data-provider="User Credentials" finished-at="2023-11-04T21:37:02 IST" duration-ms="4016" status="PASS">
          <params>
            <param index="0">
              <value>
                <![CDATA[error_user]]>
              </value>
            </param>
            <param index="1">
              <value>
                <![CDATA[secret_sauce]]>
              </value>
            </param>
          </params>
          <reporter-output>
            <line>
              <![CDATA[The test is found to have passed !!]]>
            </line>
          </reporter-output>
        </test-method> <!-- name -->
        <test-method signature="name(java.lang.String,java.lang.String)[pri:0, instance:com.avirtusaa.MainTestRunner@222114ba]" started-at="2023-11-04T21:37:02 IST" name="name" data-provider="User Credentials" finished-at="2023-11-04T21:37:06 IST" duration-ms="3111" status="PASS">
          <params>
            <param index="0">
              <value>
                <![CDATA[visual_user]]>
              </value>
            </param>
            <param index="1">
              <value>
                <![CDATA[secret_sauce]]>
              </value>
            </param>
          </params>
          <reporter-output>
            <line>
              <![CDATA[The test is found to have passed !!]]>
            </line>
          </reporter-output>
        </test-method> <!-- name -->
      </class> <!-- com.avirtusaa.MainTestRunner -->
    </test> <!-- Test -->
  </suite> <!-- Suite -->
</testng-results>
